\BOOKMARK [-1][]{ctitle.-1}{\376\377\213\355\227\363\140\305\141\037\213\306\122\053\116\055\162\171\137\201\172\172\225\364\220\011\142\351\166\204\170\024\172\166}{}% 1
\BOOKMARK [0][]{thuchapter.1.0}{\376\377\144\130\000\040\211\201}{ctitle.-1}% 2
\BOOKMARK [0][]{thuchapter.2.0}{\376\377\000A\000b\000s\000t\000r\000a\000c\000t}{ctitle.-1}% 3
\BOOKMARK [0][]{thuchapter.3.0}{\376\377\166\356\000\040\137\125}{ctitle.-1}% 4
\BOOKMARK [0][]{chapter.1}{\376\377\173\054\0001\172\340\000\040\176\352\213\272}{ctitle.-1}% 5
\BOOKMARK [1][-]{section.1.1}{\376\377\0001\000.\0001\000\040\170\024\172\166\200\314\146\157\124\214\141\017\116\111}{chapter.1}% 6
\BOOKMARK [1][-]{section.1.2}{\376\377\0001\000.\0002\000\040\170\024\172\166\163\260\162\266}{chapter.1}% 7
\BOOKMARK [2][-]{subsection.1.2.1}{\376\377\0001\000.\0002\000.\0001\000\040\117\040\176\337\166\204\213\355\227\363\140\305\141\037\213\306\122\053}{section.1.2}% 8
\BOOKMARK [2][-]{subsection.1.2.2}{\376\377\0001\000.\0002\000.\0002\000\040\172\357\122\060\172\357\166\204\213\355\227\363\140\305\141\037\213\306\122\053}{section.1.2}% 9
\BOOKMARK [1][-]{section.1.3}{\376\377\0001\000.\0003\000\040\147\054\145\207\166\204\116\073\211\201\170\024\172\166\121\205\133\271\124\214\215\041\163\056}{chapter.1}% 10
\BOOKMARK [2][-]{subsection.1.3.1}{\376\377\0001\000.\0003\000.\0001\000\040\170\024\172\166\121\205\133\271\124\214\124\004\172\340\116\313\176\315}{section.1.3}% 11
\BOOKMARK [2][-]{subsection.1.3.2}{\376\377\0001\000.\0003\000.\0002\000\040\147\054\145\207\116\073\211\201\215\041\163\056}{section.1.3}% 12
\BOOKMARK [0][]{chapter.2}{\376\377\173\054\0002\172\340\000\040\213\355\227\363\140\305\141\037\213\306\122\053\166\204\166\370\121\163\135\345\117\134}{ctitle.-1}% 13
\BOOKMARK [1][-]{section.2.1}{\376\377\0002\000.\0001\000\040\147\054\172\340\137\025\213\272}{chapter.2}% 14
\BOOKMARK [1][-]{section.2.2}{\376\377\0002\000.\0002\000\040\140\305\141\037\166\204\133\232\116\111}{chapter.2}% 15
\BOOKMARK [2][-]{subsection.2.2.1}{\376\377\0002\000.\0002\000.\0001\000\040\171\273\145\143\166\204\140\305\141\037\174\173\122\053\150\007\173\176}{section.2.2}% 16
\BOOKMARK [2][-]{subsection.2.2.2}{\376\377\0002\000.\0002\000.\0002\000\040\217\336\176\355\166\204\140\305\141\037\176\364\136\246\172\172\225\364}{section.2.2}% 17
\BOOKMARK [1][-]{section.2.3}{\376\377\0002\000.\0003\000\040\140\305\141\037\213\355\227\363\145\160\143\156\136\223}{chapter.2}% 18
\BOOKMARK [2][-]{subsection.2.3.1}{\376\377\0002\000.\0003\000.\0001\000\040\213\276\213\241\121\306\122\031}{section.2.3}% 19
\BOOKMARK [2][-]{subsection.2.3.2}{\376\377\0002\000.\0003\000.\0002\000\040\136\070\165\050\166\204\140\305\141\037\213\355\227\363\145\160\143\156\136\223}{section.2.3}% 20
\BOOKMARK [1][-]{section.2.4}{\376\377\0002\000.\0004\000\040\130\360\133\146\162\171\137\201\166\204\142\275\123\326}{chapter.2}% 21
\BOOKMARK [2][-]{subsection.2.4.1}{\376\377\0002\000.\0004\000.\0001\000\040\116\272\135\345\220\011\142\351\140\305\141\037\166\370\121\163\166\204\130\360\133\146\162\171\137\201}{section.2.4}% 22
\BOOKMARK [2][-]{subsection.2.4.2}{\376\377\0002\000.\0004\000.\0002\000\040\220\011\142\351\173\227\154\325\173\133\220\011\140\305\141\037\166\370\121\163\166\204\130\360\133\146\162\171\137\201}{section.2.4}% 23
\BOOKMARK [2][-]{subsection.2.4.3}{\376\377\0002\000.\0004\000.\0003\000\040\155\361\136\246\171\136\176\317\177\121\176\334\142\275\123\326\140\305\141\037\166\370\121\163\166\204\130\360\133\146\162\171\137\201}{section.2.4}% 24
\BOOKMARK [1][-]{section.2.5}{\376\377\0002\000.\0005\000\040\140\305\141\037\122\006\174\173\152\041\127\213\166\204\147\204\136\372}{chapter.2}% 25
\BOOKMARK [2][-]{subsection.2.5.1}{\376\377\0002\000.\0005\000.\0001\000\040\127\372\116\216\117\040\176\337\147\072\126\150\133\146\116\140\166\204\140\305\141\037\122\006\174\173\152\041\127\213}{section.2.5}% 26
\BOOKMARK [2][-]{subsection.2.5.2}{\376\377\0002\000.\0005\000.\0002\000\040\127\372\116\216\155\361\136\246\133\146\116\140\166\204\140\305\141\037\122\006\174\173\152\041\127\213}{section.2.5}% 27
\BOOKMARK [0][]{chapter.3}{\376\377\173\054\0003\172\340\000\040\127\372\116\216\140\305\141\037\133\371\166\204\213\355\227\363\140\305\141\037\213\306\122\053\150\106\147\266}{ctitle.-1}% 28
\BOOKMARK [1][-]{section.3.1}{\376\377\0003\000.\0001\000\040\147\054\172\340\137\025\213\272}{chapter.3}% 29
\BOOKMARK [1][-]{section.3.2}{\376\377\0003\000.\0002\000\040\140\305\141\037\133\371}{chapter.3}% 30
\BOOKMARK [2][-]{subsection.3.2.1}{\376\377\0003\000.\0002\000.\0001\000\040\140\305\141\037\133\371\166\204\133\232\116\111}{section.3.2}% 31
\BOOKMARK [2][-]{subsection.3.2.2}{\376\377\0003\000.\0002\000.\0002\000\040\127\372\116\216\140\305\141\037\133\371\166\204\130\360\133\146\162\171\137\201\220\011\142\351}{section.3.2}% 32
\BOOKMARK [2][-]{subsection.3.2.3}{\376\377\0003\000.\0002\000.\0003\000\040\127\372\116\216\140\305\141\037\133\371\166\204\116\214\122\006\174\173\152\041\127\213}{section.3.2}% 33
\BOOKMARK [1][-]{section.3.3}{\376\377\0003\000.\0003\000\040\121\263\173\126\207\215\124\010}{chapter.3}% 34
\BOOKMARK [2][-]{subsection.3.3.1}{\376\377\0003\000.\0003\000.\0001\000\040\127\372\116\216\142\225\171\150\166\204\121\263\173\126\207\215\124\010}{section.3.3}% 35
\BOOKMARK [2][-]{subsection.3.3.2}{\376\377\0003\000.\0003\000.\0002\000\040\127\372\116\216\140\305\141\037\172\172\225\364\166\204\215\035\123\366\145\257\121\263\173\126\207\215\124\010}{section.3.3}% 36
\BOOKMARK [1][-]{section.3.4}{\376\377\0003\000.\0004\000\040\140\305\141\037\133\371\116\016\213\355\227\363\140\305\141\037\213\306\122\053}{chapter.3}% 37
\BOOKMARK [2][-]{subsection.3.4.1}{\376\377\0003\000.\0004\000.\0001\000\040\127\372\116\216\140\305\141\037\133\371\166\204\213\355\227\363\140\305\141\037\213\306\122\053\174\373\176\337}{section.3.4}% 38
\BOOKMARK [2][-]{subsection.3.4.2}{\376\377\0003\000.\0004\000.\0002\000\040\133\236\232\214\213\276\177\156}{section.3.4}% 39
\BOOKMARK [2][-]{subsection.3.4.3}{\376\377\0003\000.\0004\000.\0003\000\040\133\236\232\214\176\323\147\234}{section.3.4}% 40
\BOOKMARK [1][-]{section.3.5}{\376\377\0003\000.\0005\000\040\147\054\172\340\134\017\176\323}{chapter.3}% 41
\BOOKMARK [0][]{chapter.4}{\376\377\173\054\0004\172\340\000\040\127\372\116\216\123\330\225\177\213\355\227\363\153\265\166\204\172\357\122\060\172\357\166\204\140\305\141\037\213\306\122\053}{ctitle.-1}% 42
\BOOKMARK [1][-]{section.4.1}{\376\377\0004\000.\0001\000\040\147\054\172\340\137\025\213\272}{chapter.4}% 43
\BOOKMARK [1][-]{section.4.2}{\376\377\0004\000.\0002\000\040\127\372\116\216\213\355\214\061\126\376\166\204\130\360\133\146\162\171\137\201\142\275\123\326}{chapter.4}% 44
\BOOKMARK [2][-]{subsection.4.2.1}{\376\377\0004\000.\0002\000.\0001\000\040\213\355\214\061\126\376\166\204\133\232\116\111}{section.4.2}% 45
\BOOKMARK [2][-]{subsection.4.2.2}{\376\377\0004\000.\0002\000.\0002\000\040\123\167\171\357\171\136\176\317\177\121\215\357}{section.4.2}% 46
\BOOKMARK [2][-]{subsection.4.2.3}{\376\377\0004\000.\0002\000.\0003\000\040\127\372\116\216\123\167\171\357\171\136\176\317\177\121\176\334\166\204\162\171\137\201\142\275\123\326}{section.4.2}% 47
\BOOKMARK [1][-]{section.4.3}{\376\377\0004\000.\0003\000\040\123\330\225\177\217\223\121\145\136\217\122\027\166\204\171\136\176\317\177\121\176\334\176\323\147\204}{chapter.4}% 48
\BOOKMARK [2][-]{subsection.4.3.1}{\376\377\0004\000.\0003\000.\0001\000\040\123\330\225\177\217\223\121\145\136\217\122\027\166\204\123\167\171\357\171\136\176\317\177\121\176\334}{section.4.3}% 49
\BOOKMARK [2][-]{subsection.4.3.2}{\376\377\0004\000.\0003\000.\0002\000\040\123\330\225\177\217\223\121\145\136\217\122\027\166\204\137\252\163\257\171\136\176\317\177\121\176\334}{section.4.3}% 50
\BOOKMARK [1][-]{section.4.4}{\376\377\0004\000.\0004\000\040\155\361\136\246\171\136\176\317\177\121\176\334\116\016\123\330\225\177\213\355\227\363\140\305\141\037\213\306\122\053}{chapter.4}% 51
\BOOKMARK [2][-]{subsection.4.4.1}{\376\377\0004\000.\0004\000.\0001\000\040\127\372\116\216\155\361\136\246\171\136\176\317\177\121\176\334\166\204\123\330\225\177\213\355\227\363\140\305\141\037\213\306\122\053\174\373\176\337}{section.4.4}% 52
\BOOKMARK [2][-]{subsection.4.4.2}{\376\377\0004\000.\0004\000.\0002\000\040\133\236\232\214\213\276\177\156}{section.4.4}% 53
\BOOKMARK [2][-]{subsection.4.4.3}{\376\377\0004\000.\0004\000.\0003\000\040\133\236\232\214\176\323\147\234}{section.4.4}% 54
\BOOKMARK [1][-]{section.4.5}{\376\377\0004\000.\0005\000\040\147\054\172\340\134\017\176\323}{chapter.4}% 55
\BOOKMARK [0][]{chapter.5}{\376\377\173\054\0005\172\340\000\040\140\073\176\323\116\016\134\125\147\033}{ctitle.-1}% 56
\BOOKMARK [1][-]{section.5.1}{\376\377\0005\000.\0001\000\040\147\054\145\207\135\345\117\134\140\073\176\323}{chapter.5}% 57
\BOOKMARK [1][-]{section.5.2}{\376\377\0005\000.\0002\000\040\147\052\147\145\135\345\117\134\134\125\147\033}{chapter.5}% 58
\BOOKMARK [0][]{section*.14}{\376\377\143\322\126\376\175\042\137\025}{ctitle.-1}% 59
\BOOKMARK [0][]{section*.16}{\376\377\210\150\150\074\175\042\137\025}{ctitle.-1}% 60
\BOOKMARK [0][]{section*.18}{\376\377\121\154\137\017\175\042\137\025}{ctitle.-1}% 61
\BOOKMARK [0][]{section*.20}{\376\377\123\302\200\003\145\207\163\056}{ctitle.-1}% 62
\BOOKMARK [0][]{section*.22}{\376\377\201\364\000\040\214\042}{ctitle.-1}% 63
\BOOKMARK [0][]{section*.24}{\376\377\130\360\000\040\146\016}{ctitle.-1}% 64
\BOOKMARK [0][]{appendix.A}{\376\377\226\104\137\125\000\040\000A\000\040\131\026\145\207\215\104\145\231\123\237\145\207}{ctitle.-1}% 65
\BOOKMARK [1][-]{section.A.1}{\376\377\000A\000.\0001\000\040\000S\000i\000n\000g\000l\000e\000-\000O\000b\000j\000e\000c\000t\000i\000v\000e\000\040\000P\000r\000o\000g\000r\000a\000m\000m\000i\000n\000g}{appendix.A}% 66
\BOOKMARK [2][-]{subsection.A.1.1}{\376\377\000A\000.\0001\000.\0001\000\040\000L\000i\000n\000e\000a\000r\000\040\000P\000r\000o\000g\000r\000a\000m\000m\000i\000n\000g}{section.A.1}% 67
\BOOKMARK [2][-]{subsection.A.1.2}{\376\377\000A\000.\0001\000.\0002\000\040\000N\000o\000n\000l\000i\000n\000e\000a\000r\000\040\000P\000r\000o\000g\000r\000a\000m\000m\000i\000n\000g}{section.A.1}% 68
\BOOKMARK [2][-]{subsection.A.1.3}{\376\377\000A\000.\0001\000.\0003\000\040\000I\000n\000t\000e\000g\000e\000r\000\040\000P\000r\000o\000g\000r\000a\000m\000m\000i\000n\000g}{section.A.1}% 69
\BOOKMARK [0][]{appendix.B}{\376\377\226\104\137\125\000\040\000B\000\040\131\026\145\207\215\104\145\231\166\204\214\003\170\024\226\005\213\373\142\245\124\112\142\026\116\146\227\142\177\373\213\321}{ctitle.-1}% 70
\BOOKMARK [1][-]{section.B.1}{\376\377\000B\000.\0001\000\040\123\125\166\356\150\007\211\304\122\022}{appendix.B}% 71
\BOOKMARK [2][-]{subsection.B.1.1}{\376\377\000B\000.\0001\000.\0001\000\040\176\277\140\047\211\304\122\022}{section.B.1}% 72
\BOOKMARK [2][-]{subsection.B.1.2}{\376\377\000B\000.\0001\000.\0002\000\040\227\136\176\277\140\047\211\304\122\022}{section.B.1}% 73
\BOOKMARK [2][-]{subsection.B.1.3}{\376\377\000B\000.\0001\000.\0003\000\040\145\164\145\160\211\304\122\022}{section.B.1}% 74
\BOOKMARK [0][]{appendix.C}{\376\377\226\104\137\125\000\040\000C\000\040\121\166\133\203\226\104\137\125}{ctitle.-1}% 75
\BOOKMARK [0][]{section*.34}{\376\377\116\052\116\272\173\200\123\206\060\001\127\050\133\146\147\037\225\364\123\321\210\150\166\204\133\146\147\057\213\272\145\207\116\016\170\024\172\166\142\020\147\234}{ctitle.-1}% 76
